<?xml version="1.0" encoding="UTF-8"?>
<!-- Generated by org.testng.reporters.JUnitXMLReporter -->
<testsuite hostname="Nipuns-MacBook-Air.local" name="Test1" tests="3" failures="0" timestamp="28 Feb 2018 19:13:41 GMT" time="80.267" errors="0">
  <testcase name="HomePageTitleTest" time="0.267" classname="com.amazon.test.HomePageTest"/>
  <testcase name="navigateToDeptTest" time="34.457" classname="com.amazon.test.HomePageTest"/>
  <testcase name="registerNewUserTest" time="4.894" classname="com.amazon.test.HomePageTest"/>
</testsuite> <!-- Test1 -->
