<?xml version="1.0" encoding="UTF-8"?>
<!-- Generated by org.testng.reporters.JUnitXMLReporter -->
<testsuite hostname="Nipuns-MacBook-Air.local" name="Test" tests="3" failures="0" timestamp="28 Feb 2018 19:13:27 GMT" time="66.223" errors="0">
  <testcase name="HomePageTitleTest" time="0.273" classname="com.amazon.test.HomePageTest"/>
  <testcase name="navigateToDeptTest" time="15.232" classname="com.amazon.test.HomePageTest"/>
  <testcase name="registerNewUserTest" time="4.344" classname="com.amazon.test.HomePageTest"/>
</testsuite> <!-- Test -->
