<?xml version="1.0" encoding="UTF-8"?>
<!-- Generated by org.testng.reporters.JUnitXMLReporter -->
<testsuite hostname="Nipuns-MacBook-Air.local" name="TestinFireFox" tests="3" failures="0" timestamp="1 Mar 2018 01:12:34 GMT" time="35.953" errors="0">
  <testcase name="HomePageTitleTest" time="0.024" classname="com.amazon.test.HomePageTest"/>
  <testcase name="navigateToDeptTest" time="5.916" classname="com.amazon.test.HomePageTest"/>
  <testcase name="registerNewUserTest" time="2.035" classname="com.amazon.test.HomePageTest"/>
</testsuite> <!-- TestinFireFox -->
